2025-11-22 16:07:51 INFO  BaseTest:72 - Browser initiated succefully
2025-11-22 16:07:53 INFO  BaseTest:23 - ********TC001 verifyAccountRegistration testcase is started to execute********
2025-11-22 16:07:56 INFO  BaseTest:37 - ********TC001 verifyAccountRegistration testcase execution is ended********
2025-11-22 16:07:56 DEBUG BaseTest:38 - Test
2025-11-22 16:07:58 INFO  BaseTest:72 - Browser initiated succefully
2025-11-22 16:08:00 INFO  BaseTest:16 - TC002 is started
2025-11-22 16:08:02 INFO  BaseTest:31 - TC002 ended
2025-11-22 16:08:03 INFO  BaseTest:72 - Browser initiated succefully
2025-11-22 16:08:05 INFO  BaseTest:16 - TC003 is started
2025-11-22 16:08:07 INFO  BaseTest:31 - TC003 ended
2025-11-22 16:08:08 INFO  BaseTest:72 - Browser initiated succefully
2025-11-22 16:08:10 INFO  BaseTest:16 - TC003 is started
2025-11-22 16:08:44 INFO  BaseTest:72 - Browser initiated succefully
2025-11-22 16:08:47 INFO  BaseTest:23 - ********TC001 verifyAccountRegistration testcase is started to execute********
2025-11-22 16:08:49 INFO  BaseTest:37 - ********TC001 verifyAccountRegistration testcase execution is ended********
2025-11-22 16:08:49 DEBUG BaseTest:38 - Test
2025-11-22 16:08:59 INFO  BaseTest:72 - Browser initiated succefully
2025-11-22 16:09:02 INFO  BaseTest:16 - TC002 is started
2025-11-22 16:09:04 INFO  BaseTest:31 - TC002 ended
2025-11-22 16:09:11 INFO  BaseTest:72 - Browser initiated succefully
2025-11-22 16:09:13 INFO  BaseTest:16 - TC003 is started
2025-11-22 16:09:16 INFO  BaseTest:31 - TC003 ended
2025-11-22 16:09:24 INFO  BaseTest:72 - Browser initiated succefully
2025-11-22 16:09:26 INFO  BaseTest:16 - TC003 is started
